[debug] [2020-02-21T06:40:00.897Z] ----------------------------------------------------------------------
[debug] [2020-02-21T06:40:00.902Z] Command:       /home/pedrogk/.nvm/versions/node/v13.0.1/bin/node /home/pedrogk/.nvm/versions/node/v13.0.1/bin/firebase serve
[debug] [2020-02-21T06:40:00.902Z] CLI Version:   7.12.1
[debug] [2020-02-21T06:40:00.902Z] Platform:      linux
[debug] [2020-02-21T06:40:00.902Z] Node Version:  v13.0.1
[debug] [2020-02-21T06:40:00.903Z] Time:          Fri Feb 21 2020 00:40:00 GMT-0600 (Central Standard Time)
[debug] [2020-02-21T06:40:00.903Z] ----------------------------------------------------------------------
[debug] [2020-02-21T06:40:00.903Z] 
[debug] [2020-02-21T06:40:00.916Z] > command requires scopes: ["email","openid","https://www.googleapis.com/auth/cloudplatformprojects.readonly","https://www.googleapis.com/auth/firebase","https://www.googleapis.com/auth/cloud-platform"]
[debug] [2020-02-21T06:40:00.916Z] > authorizing via signed-in user
[debug] [2020-02-21T06:40:00.917Z] [iam] checking project airflow-summit for permissions ["firebase.projects.get"]
[debug] [2020-02-21T06:40:00.920Z] > refreshing access token with scopes: ["email","https://www.googleapis.com/auth/cloud-platform","https://www.googleapis.com/auth/cloudplatformprojects.readonly","https://www.googleapis.com/auth/firebase","openid"]
[debug] [2020-02-21T06:40:00.920Z] >>> HTTP REQUEST POST https://www.googleapis.com/oauth2/v3/token  
 <request body omitted>
[debug] [2020-02-21T06:40:24.351Z] ----------------------------------------------------------------------
[debug] [2020-02-21T06:40:24.357Z] Command:       /home/pedrogk/.nvm/versions/node/v13.0.1/bin/node /home/pedrogk/.nvm/versions/node/v13.0.1/bin/firebase serve
[debug] [2020-02-21T06:40:24.357Z] CLI Version:   7.12.1
[debug] [2020-02-21T06:40:24.357Z] Platform:      linux
[debug] [2020-02-21T06:40:24.357Z] Node Version:  v13.0.1
[debug] [2020-02-21T06:40:24.358Z] Time:          Fri Feb 21 2020 00:40:24 GMT-0600 (Central Standard Time)
[debug] [2020-02-21T06:40:24.358Z] ----------------------------------------------------------------------
[debug] [2020-02-21T06:40:24.359Z] 
[debug] [2020-02-21T06:40:24.394Z] > command requires scopes: ["email","openid","https://www.googleapis.com/auth/cloudplatformprojects.readonly","https://www.googleapis.com/auth/firebase","https://www.googleapis.com/auth/cloud-platform"]
[debug] [2020-02-21T06:40:24.395Z] > authorizing via signed-in user
[debug] [2020-02-21T06:40:24.395Z] [iam] checking project airflow-summit for permissions ["firebase.projects.get"]
[debug] [2020-02-21T06:40:24.400Z] > refreshing access token with scopes: ["email","https://www.googleapis.com/auth/cloud-platform","https://www.googleapis.com/auth/cloudplatformprojects.readonly","https://www.googleapis.com/auth/firebase","openid"]
[debug] [2020-02-21T06:40:24.401Z] >>> HTTP REQUEST POST https://www.googleapis.com/oauth2/v3/token  
 <request body omitted>
